  Osoba.cpp
  ConsoleApplication3.cpp
C:\Users\kuba-\Desktop\PodstawyProgramowania\cw_podstawy_progr\ConsoleApplication2\Osoba.h(15,9): error C3646: 'getImie': unknown override specifier
  (compiling source file '../ConsoleApplication2/Osoba.cpp')
  
C:\Users\kuba-\Desktop\PodstawyProgramowania\cw_podstawy_progr\ConsoleApplication2\Osoba.h(15,16): error C2059: syntax error: '('
  (compiling source file '../ConsoleApplication2/Osoba.cpp')
  
C:\Users\kuba-\Desktop\PodstawyProgramowania\cw_podstawy_progr\ConsoleApplication2\Osoba.h(15,18): error C2238: unexpected token(s) preceding ';'
  (compiling source file '../ConsoleApplication2/Osoba.cpp')
  
C:\Users\kuba-\Desktop\PodstawyProgramowania\cw_podstawy_progr\ConsoleApplication2\Osoba.h(16,9): error C3646: 'getNazwisko': unknown override specifier
  (compiling source file '../ConsoleApplication2/Osoba.cpp')
  
C:\Users\kuba-\Desktop\PodstawyProgramowania\cw_podstawy_progr\ConsoleApplication2\Osoba.h(16,20): error C2059: syntax error: '('
  (compiling source file '../ConsoleApplication2/Osoba.cpp')
  
C:\Users\kuba-\Desktop\PodstawyProgramowania\cw_podstawy_progr\ConsoleApplication2\Osoba.h(16,22): error C2238: unexpected token(s) preceding ';'
  (compiling source file '../ConsoleApplication2/Osoba.cpp')
  
C:\Users\kuba-\Desktop\PodstawyProgramowania\cw_podstawy_progr\ConsoleApplication2\Osoba.h(18,9): error C3646: 'setImie': unknown override specifier
  (compiling source file '../ConsoleApplication2/Osoba.cpp')
  
C:\Users\kuba-\Desktop\PodstawyProgramowania\cw_podstawy_progr\ConsoleApplication2\Osoba.h(18,16): error C2059: syntax error: '('
  (compiling source file '../ConsoleApplication2/Osoba.cpp')
  
C:\Users\kuba-\Desktop\PodstawyProgramowania\cw_podstawy_progr\ConsoleApplication2\Osoba.h(18,34): error C2238: unexpected token(s) preceding ';'
  (compiling source file '../ConsoleApplication2/Osoba.cpp')
  
C:\Users\kuba-\Desktop\PodstawyProgramowania\cw_podstawy_progr\ConsoleApplication2\Osoba.h(19,9): error C3646: 'setNazwisko': unknown override specifier
  (compiling source file '../ConsoleApplication2/Osoba.cpp')
  
C:\Users\kuba-\Desktop\PodstawyProgramowania\cw_podstawy_progr\ConsoleApplication2\Osoba.h(19,20): error C2059: syntax error: '('
  (compiling source file '../ConsoleApplication2/Osoba.cpp')
  
C:\Users\kuba-\Desktop\PodstawyProgramowania\cw_podstawy_progr\ConsoleApplication2\Osoba.h(19,42): error C2238: unexpected token(s) preceding ';'
  (compiling source file '../ConsoleApplication2/Osoba.cpp')
  
C:\Users\kuba-\Desktop\PodstawyProgramowania\cw_podstawy_progr\ConsoleApplication2\Osoba.cpp(17,15): error C2039: 'getImie': is not a member of 'Osoba'
      C:\Users\kuba-\Desktop\PodstawyProgramowania\cw_podstawy_progr\ConsoleApplication2\Osoba.h(7,7):
      see declaration of 'Osoba'
  
C:\Users\kuba-\Desktop\PodstawyProgramowania\cw_podstawy_progr\ConsoleApplication2\Osoba.cpp(19,9): error C2065: 'imie': undeclared identifier
C:\Users\kuba-\Desktop\PodstawyProgramowania\cw_podstawy_progr\ConsoleApplication2\Osoba.cpp(22,15): error C2039: 'getNazwisko': is not a member of 'Osoba'
      C:\Users\kuba-\Desktop\PodstawyProgramowania\cw_podstawy_progr\ConsoleApplication2\Osoba.h(7,7):
      see declaration of 'Osoba'
  
C:\Users\kuba-\Desktop\PodstawyProgramowania\cw_podstawy_progr\ConsoleApplication2\Osoba.cpp(24,9): error C2065: 'nazwisko': undeclared identifier
C:\Users\kuba-\Desktop\PodstawyProgramowania\cw_podstawy_progr\ConsoleApplication2\Osoba.cpp(27,15): error C2039: 'setImie': is not a member of 'Osoba'
      C:\Users\kuba-\Desktop\PodstawyProgramowania\cw_podstawy_progr\ConsoleApplication2\Osoba.h(7,7):
      see declaration of 'Osoba'
  
C:\Users\kuba-\Desktop\PodstawyProgramowania\cw_podstawy_progr\ConsoleApplication2\Osoba.cpp(29,2): error C2355: 'this': can only be referenced inside non-static member functions or non-static data member initializers
C:\Users\kuba-\Desktop\PodstawyProgramowania\cw_podstawy_progr\ConsoleApplication2\Osoba.cpp(33,15): error C2039: 'setNazwisko': is not a member of 'Osoba'
      C:\Users\kuba-\Desktop\PodstawyProgramowania\cw_podstawy_progr\ConsoleApplication2\Osoba.h(7,7):
      see declaration of 'Osoba'
  
C:\Users\kuba-\Desktop\PodstawyProgramowania\cw_podstawy_progr\ConsoleApplication2\Osoba.cpp(35,2): error C2355: 'this': can only be referenced inside non-static member functions or non-static data member initializers
C:\Users\kuba-\Desktop\PodstawyProgramowania\cw_podstawy_progr\ConsoleApplication3\ConsoleApplication3.cpp(2,10): error C1083: Cannot open include file: 'Osoba.h': No such file or directory
